[secure.bankofamerica.com/login/sign-in/signOnV2Screen.html]
[secure.bankofamerica.com/login/sign-in/signOnV2Screene6f6.html]
[backblue.gif]
[fade.gif]
[index.html]
[cdn.cookielaw.org/consent/72e99fdc-3ef1-452a-9b02-e35228fa4504/otSDKStub.js]
[secure.bankofamerica.com/pa/components/bundles/gzip-compressed/xengine/VIPAA/9.8/style/vipaa-v4-jawr.css]
[secure.bankofamerica.com/pa/components/bundles/gzip-compressed/xengine/VIPAA/9.8/style/vipaa-v4-jawr-print.css]
[secure.bankofamerica.com/content/images/ContextualSiteGraphics/Logos/en_US/BofA_rgb.png]
[secure.bankofamerica.com/pa/components/bundles/gzip-compressed/xengine/VIPAA/9.8/script/vipaa-v4-jawr.js]
[secure.bankofamerica.com/pa/components/modules-app/VIPAA/online-id-vipaa-module/1.0/graphic/mobile_llama.png]
[secure.bankofamerica.com/content/images/ContextualSiteGraphics/Instructional/en_US/aps-mobile-products-icon-sprite-dev.png]
[secure.bankofamerica.com/pa/components/modules/global-footer-module/2.5/graphic/pill.png]
[secure.bankofamerica.com/login/sign-in/signOnV2Screen.html]
[secure.bankofamerica.com/login/sign-in/signOnV2Screene6f6.html]
[secure.bankofamerica.com/content/images/ContextualSiteGraphics/Instructional/es_US/aps-mobile-products-icon-sprite-dev.png]
[cdn.cookielaw.org/consent/72e99fdc-3ef1-452a-9b02-e35228fa4504/otSDKStub.js]
[secure.bankofamerica.com/pa/global-assets/1.0/graphic/1gray-2white-brd.png]
[secure.bankofamerica.com/pa/global-assets/1.0/graphic/1blue-2white-brd.png]
[secure.bankofamerica.com/pa/global-assets/1.0/graphic/greybullet.gif]
[secure.bankofamerica.com/pa/global-assets/1.0/graphic/gray-bullet.png]
[secure.bankofamerica.com/pa/global-assets/1.0/graphic/bluebullet.gif]
[secure.bankofamerica.com/pa/global-assets/1.0/graphic/gray-square-bullet.png]
[secure.bankofamerica.com/pa/global-assets/1.0/graphic/205-module-bground.jpg]
[secure.bankofamerica.com/pa/global-assets/1.0/graphic/white-to-gray-gradient.png]
[secure.bankofamerica.com/pa/global-assets/1.0/graphic/ajax-loading-image-small.gif]
[secure.bankofamerica.com/pa/global-assets/1.0/graphic/ajax-loading-image-med.gif]
[secure.bankofamerica.com/pa/global-assets/1.0/graphic/processing.gif]
[secure.bankofamerica.com/pa/global-assets/1.0/graphic/processing_es.gif]
[secure.bankofamerica.com/pa/global-assets/1.0/graphic/processing-no-text.gif]
[secure.bankofamerica.com/pa/global-assets/1.0/graphic/close-button-fsd.png]
[secure.bankofamerica.com/content/images/ContextualSiteGraphics/Instructional/en_US/creditcards/ribbon-sprite.png]
[secure.bankofamerica.com/pa/global-assets/1.0/graphic/red-ribbon.png]
[secure.bankofamerica.com/pa/global-assets/1.0/graphic/olb-ledger-header.png]
[secure.bankofamerica.com/pa/global-assets/1.0/graphic/barkers/new-barker-blue.png]
[secure.bankofamerica.com/pa/global-assets/1.0/graphic/buttons/arrow-button-sprite.png]
[secure.bankofamerica.com/pa/global-assets/1.0/graphic/buttons/gray-button-cap.png]
[secure.bankofamerica.com/pa/global-assets/1.0/graphic/buttons/gray-button-main.png]
[secure.bankofamerica.com/pa/global-assets/1.0/graphic/buttons/blue-button-cap.png]
[secure.bankofamerica.com/pa/global-assets/1.0/graphic/buttons/blue-button-main.png]
[secure.bankofamerica.com/pa/global-assets/1.0/graphic/buttons/red-button-cap.png]
[secure.bankofamerica.com/pa/global-assets/1.0/graphic/buttons/red-button-main.png]
[secure.bankofamerica.com/pa/global-assets/1.0/graphic/buttons/gray-button-large-cap.png]
[secure.bankofamerica.com/pa/global-assets/1.0/graphic/buttons/gray-button-large-main.png]
[secure.bankofamerica.com/pa/global-assets/1.0/graphic/buttons/blue-button-large-cap.png]
[secure.bankofamerica.com/pa/global-assets/1.0/graphic/buttons/blue-button-large-main.png]
[secure.bankofamerica.com/pa/global-assets/1.0/graphic/buttons/red-button-large-cap.png]
[secure.bankofamerica.com/pa/global-assets/1.0/graphic/buttons/red-button-large-main.png]
[secure.bankofamerica.com/pa/global-assets/1.0/graphic/buttons/green-button-cap.png]
[secure.bankofamerica.com/pa/global-assets/1.0/graphic/buttons/green-button-main.png]
[secure.bankofamerica.com/pa/global-assets/1.0/graphic/buttons/inactive-button-cap.png]
[secure.bankofamerica.com/pa/global-assets/1.0/graphic/buttons/inactive-button-main.png]
[secure.bankofamerica.com/pa/global-assets/1.0/graphic/buttons/inactive-button-large-cap.png]
[secure.bankofamerica.com/pa/global-assets/1.0/graphic/buttons/inactive-button-large-main.png]
[secure.bankofamerica.com/pa/global-assets/1.0/graphic/bg_button_a.gif]
[secure.bankofamerica.com/pa/global-assets/1.0/graphic/bg_button_span.gif]
[secure.bankofamerica.com/pa/global-assets/1.0/graphic/bg_blu-button_a.gif]
[secure.bankofamerica.com/pa/global-assets/1.0/graphic/bg_blu-button_span.gif]
[secure.bankofamerica.com/pa/global-assets/1.0/graphic/button-gray-a.gif]
[secure.bankofamerica.com/pa/global-assets/1.0/graphic/button-gray-span.gif]
[secure.bankofamerica.com/pa/global-assets/1.0/graphic/bg_fade-button_a.gif]
[secure.bankofamerica.com/pa/global-assets/1.0/graphic/bg_fade-button_span.gif]
[secure.bankofamerica.com/pa/global-assets/1.0/graphic/bg_fade-blu-button_a.gif]
[secure.bankofamerica.com/pa/global-assets/1.0/graphic/bg_fade-blu-button_span.gif]
[secure.bankofamerica.com/pa/global-assets/1.0/graphic/blue-gradient.gif]
[secure.bankofamerica.com/pa/global-assets/1.0/graphic/module-corners.gif]
[secure.bankofamerica.com/pa/global-assets/1.0/graphic/olb-sw-corners.png]
[secure.bankofamerica.com/pa/global-assets/1.0/graphic/legacy-corners.png]
[secure.bankofamerica.com/pa/global-assets/1.0/graphic/sm-show-hide.png]
[secure.bankofamerica.com/pa/global-assets/1.0/graphic/module-corners-gray-gradient.gif]
[secure.bankofamerica.com/pa/global-assets/1.0/graphic/sw-blue-grad-bg.png]
[secure.bankofamerica.com/pa/global-assets/1.0/graphic/dialog_close.png]
[secure.bankofamerica.com/pa/global-assets/1.0/graphic/dialog_xlarge_titlebar.png]
[secure.bankofamerica.com/pa/global-assets/1.0/graphic/dialog_xlarge_body.png]
[secure.bankofamerica.com/pa/global-assets/1.0/graphic/dialog_500px_titlebar.png]
[secure.bankofamerica.com/pa/global-assets/1.0/graphic/dialog_500px_body.png]
[secure.bankofamerica.com/pa/global-assets/1.0/graphic/dialog_large_titlebar.png]
[secure.bankofamerica.com/pa/global-assets/1.0/graphic/dialog_large_body.png]
[secure.bankofamerica.com/pa/global-assets/1.0/graphic/dialog_med_titlebar.png]
[secure.bankofamerica.com/pa/global-assets/1.0/graphic/dialog_med_body.png]
[secure.bankofamerica.com/pa/global-assets/1.0/graphic/dialog_sm_titlebar.png]
[secure.bankofamerica.com/pa/global-assets/1.0/graphic/dialog_sm_body.png]
[secure.bankofamerica.com/pa/global-assets/1.0/graphic/dialog_med_titlebar_nodrag.png]
[secure.bankofamerica.com/pa/global-assets/1.0/graphic/dialog_med_titlebar_nodrag_wide.png]
[secure.bankofamerica.com/pa/global-assets/1.0/graphic/dialog_med_body_wide.png]
[secure.bankofamerica.com/pa/global-assets/1.0/graphic/dialog_med_titlebar_nodrag_width_742.png]
[secure.bankofamerica.com/pa/global-assets/1.0/graphic/dialog_med_body_width_742.png]
[secure.bankofamerica.com/pa/global-assets/1.0/graphic/dialog_arrow.png]
[secure.bankofamerica.com/pa/global-assets/1.0/graphic/dialog_arrow_right.png]
[secure.bankofamerica.com/pa/global-assets/1.0/graphic/dialog_med_no_titlebar.png]
[secure.bankofamerica.com/pa/global-assets/1.0/graphic/dialog_wide_no_titlebar.png]
[secure.bankofamerica.com/pa/global-assets/1.0/graphic/boa-task-layer-arrows.png]
[secure.bankofamerica.com/pa/global-assets/1.0/graphic/modal_titlebar.png]
[secure.bankofamerica.com/pa/global-assets/1.0/graphic/modal_body.png]
[secure.bankofamerica.com/pa/global-assets/1.0/graphic/modal_large_titlebar.png]
[secure.bankofamerica.com/pa/global-assets/1.0/graphic/modal_large_body.png]
[secure.bankofamerica.com/pa/global-assets/1.0/graphic/modal_med_titlebar.png]
[secure.bankofamerica.com/pa/global-assets/1.0/graphic/modal_med_titlebar_close.png]
[secure.bankofamerica.com/pa/global-assets/1.0/graphic/modal_med_body.png]
[secure.bankofamerica.com/pa/global-assets/1.0/graphic/modal_500px_titlebar.png]
[secure.bankofamerica.com/pa/global-assets/1.0/graphic/modal_500px_body.png]
[secure.bankofamerica.com/pa/global-assets/1.0/graphic/modal_500px_tall_body.png]
[secure.bankofamerica.com/pa/global-assets/1.0/graphic/icon-alert-error-large-fsd.gif]
[secure.bankofamerica.com/pa/global-assets/1.0/graphic/olb-info-layer-draggable.png]
[secure.bankofamerica.com/pa/global-assets/1.0/graphic/com-info-layer-draggable.png]
[secure.bankofamerica.com/pa/global-assets/1.0/graphic/brand-task-arrows.png]
[secure.bankofamerica.com/pa/global-assets/1.0/graphic/fsd-larrow-ilayer-sprite.png]
[secure.bankofamerica.com/pa/global-assets/1.0/graphic/tooltip_top.png]
[secure.bankofamerica.com/pa/global-assets/1.0/graphic/tooltip_bottom.png]
[secure.bankofamerica.com/pa/global-assets/1.0/graphic/instructional_help_top.png]
[secure.bankofamerica.com/pa/global-assets/1.0/graphic/instructional_help_bottom.png]
[secure.bankofamerica.com/pa/global-assets/1.0/graphic/form_help_bullet.gif]
[secure.bankofamerica.com/pa/global-assets/1.0/graphic/icon_alert_error_small.gif]
[secure.bankofamerica.com/pa/global-assets/1.0/graphic/icon_alert_error.gif]
[secure.bankofamerica.com/pa/global-assets/1.0/graphic/modal_ml_body.gif]
[secure.bankofamerica.com/pa/global-assets/1.0/graphic/modal_ml_titlebar.gif]
[secure.bankofamerica.com/pa/global-assets/1.0/graphic/pam-corners.gif]
[secure.bankofamerica.com/pa/global-assets/1.0/graphic/ok-ack.gif]
[secure.bankofamerica.com/pa/global-assets/1.0/graphic/inf-corners.png]
[secure.bankofamerica.com/pa/global-assets/1.0/graphic/info-not.gif]
[secure.bankofamerica.com/pa/global-assets/1.0/graphic/graybullet.gif]
[secure.bankofamerica.com/pa/global-assets/1.0/graphic/error-corners.png]
[secure.bankofamerica.com/pa/global-assets/1.0/graphic/error-pl.png]
[secure.bankofamerica.com/pa/global-assets/1.0/graphic/msg-icon-lg.png]
[secure.bankofamerica.com/pa/global-assets/1.0/graphic/msg-icon-sm.png]
[secure.bankofamerica.com/pa/global-assets/1.0/graphic/msg-icon-md.png]
[secure.bankofamerica.com/pa/global-assets/1.0/graphic/oo_icon.gif]
[secure.bankofamerica.com/pa/global-assets/1.0/graphic/field-error.gif]
[secure.bankofamerica.com/pa/global-assets/1.0/graphic/help-qm.png]
[secure.bankofamerica.com/pa/global-assets/1.0/graphic/gbullet.png]
[secure.bankofamerica.com/pa/global-assets/1.0/graphic/embedded-list-bullet.png]
[secure.bankofamerica.com/pa/global-assets/1.0/graphic/calendar-icon.png]
[secure.bankofamerica.com/pa/global-assets/1.0/graphic/msg-icon-sprite-fsd.png]
[secure.bankofamerica.com/pa/global-assets/1.0/graphic/sico-action-icon-sprite.png]
[secure.bankofamerica.com/pa/global-assets/1.0/graphic/sico-static-icon-sprite.png]
[secure.bankofamerica.com/pa/global-assets/1.0/graphic/progress_bar_end_caps.png]
[secure.bankofamerica.com/pa/global-assets/1.0/graphic/info-layer-brd.png]
[secure.bankofamerica.com/pa/global-assets/1.0/graphic/help-qmark.png]
[secure.bankofamerica.com/pa/global-assets/1.0/graphic/help-qmark-trans.png]
[secure.bankofamerica.com/pa/global-assets/1.0/graphic/help-qm-fsd.png]
[secure.bankofamerica.com/pa/global-assets/1.0/graphic/help-qm-fsd-hover.png]
[secure.bankofamerica.com/pa/global-assets/1.0/graphic/legacy-info-icon.png]
[secure.bankofamerica.com/pa/global-assets/1.0/graphic/tooltip-arrow.png]
[secure.bankofamerica.com/pa/global-assets/1.0/graphic/transcc-sprite.png]
[secure.bankofamerica.com/pa/global-assets/1.0/graphic/cardtypes.gif]
[secure.bankofamerica.com/pa/global-assets/1.0/graphic/sign-in-sprite.png]
[secure.bankofamerica.com/pa/global-assets/1.0/graphic/vpl-sprite-skr.png]
[secure.bankofamerica.com/pa/components/containers/olb-summary-container/1.2.2/graphic/summary-bg.png]
[secure.bankofamerica.com/pa/components/containers/olb-summary-container/1.2.2/graphic/summary-arrows.png]
[secure.bankofamerica.com/pa/components/layouts/two-column-wide-left-sasi-layout/1.3/graphic/splash-bg.png]
[secure.bankofamerica.com/pa/components/layouts/two-column-wide-left-sasi-layout/1.3/graphic/splash-brd.png]
[secure.bankofamerica.com/pa/components/layouts/two-column-wide-left-sasi-layout/1.3/graphic/splash-corners.png]
[secure.bankofamerica.com/pa/components/layouts/two-column-wide-left-sasi-layout/1.3/graphic/splash-corners-light.png]
[secure.bankofamerica.com/pa/components/layouts/two-row-flex-wideleft-layout/1.2/graphic/summary-bground.jpg]
[secure.bankofamerica.com/pa/components/utilities/embed-video-util/1.1/graphic/video-control-sprite.png]
[secure.bankofamerica.com/pa/components/utilities/field-matcher-util/1.4/graphic/format-checker-spirite.png]
[secure.bankofamerica.com/pa/components/utilities/format-checker-util/2.1/graphic/format-checker-spirite.png]
[secure.bankofamerica.com/pa/components/modules/banner-bdf-module/1.1/graphic/olb_enroll_img_new.jpg]
[secure.bankofamerica.com/pa/components/modules/banner-bdf-module/1.1/graphic/banner-w-blue-grad.png]
[secure.bankofamerica.com/pa/components/modules/banner-bdf-module/1.1/graphic/banner-vr.png]
[secure.bankofamerica.com/pa/components/modules/banner-module/1.4/graphic/banner-bg.jpg]
[secure.bankofamerica.com/pa/components/modules/banner-module/1.4/graphic/banner-corners.jpg]
[secure.bankofamerica.com/pa/components/modules/banner-module/1.4/graphic/banner-vr.png]
[secure.bankofamerica.com/pa/components/modules/banner-module/1.4/graphic/white-button.png]
[secure.bankofamerica.com/pa/components/modules/dont-have-account-module/1.0/graphic/no-account-sprite.png]
[secure.bankofamerica.com/pa/components/modules/electronic-comm-disclosure-module/1.2/graphic/gray-gradient.png]
[secure.bankofamerica.com/pa/components/modules/fauxdal-module/2.3/graphic/fauxdal-top.png]
[secure.bankofamerica.com/pa/components/modules/fauxdal-module/2.3/graphic/fauxdal-btm.png]
[secure.bankofamerica.com/pa/components/modules/fauxdal-module/2.3/graphic/fauxdal-error.gif]
[secure.bankofamerica.com/pa/components/modules/fauxdal-module/2.3/graphic/fsd-error.gif]
[secure.bankofamerica.com/pa/components/modules/fauxdal-module/2.3/graphic/legacy-error.png]
[secure.bankofamerica.com/pa/components/modules/global-footer-module/2.5/graphic/gfootb-static-sprite.png]
[secure.bankofamerica.com/pa/components/modules/global-footer-module/2.5/graphic/gfoot-home-icon.png]
[secure.bankofamerica.com/pa/components/modules/global-footer-module/2.5/graphic/gfoot-static-sprite.png]
[secure.bankofamerica.com/pa/components/modules/global-footer-module/2.5/graphic/gray-lock.png]
[secure.bankofamerica.com/pa/components/modules/header-module/2.8/graphic/fsd-secure-esp-sprite.png]
[secure.bankofamerica.com/pa/components/modules/header-module/2.8/graphic/common-btm.gif]
[secure.bankofamerica.com/pa/components/modules/header-module/2.8/graphic/dkGreyBullet.png]
[secure.bankofamerica.com/pa/components/modules/header-module/2.8/graphic/header-mod-repeatx-sprite.png]
[secure.bankofamerica.com/pa/components/modules/header-module/2.8/graphic/flag-logo-white-on-red.png]
[secure.bankofamerica.com/pa/components/modules/header-module/2.8/graphic/main-nav-bg.png]
[secure.bankofamerica.com/pa/components/modules/header-module/2.8/graphic/headerDivider.png]
[secure.bankofamerica.com/pa/components/modules/header-module/2.8/graphic/left-input-field.gif]
[secure.bankofamerica.com/pa/components/modules/header-module/2.8/graphic/spalsh-secure-esp-sprite.png]
[secure.bankofamerica.com/pa/components/modules/messaging-module/2.0/graphic/error-large.gif]
[secure.bankofamerica.com/pa/components/modules/messaging-module/2.0/graphic/imgSprite_icons_alerts.png]
[secure.bankofamerica.com/pa/components/modules/messaging-module/2.0/graphic/info-large.gif]
[secure.bankofamerica.com/pa/components/modules/messaging-module/2.0/graphic/info-close.gif]
[secure.bankofamerica.com/pa/components/modules/messaging-module/2.0/graphic/ack-large.gif]
[secure.bankofamerica.com/pa/components/modules/modal-content-bdf-exit-olb-module/1.2/graphic/olb-cancel-error-icon.png]
[secure.bankofamerica.com/pa/components/modules/modal-content-bdf-exit-olb-module/1.2/graphic/close.gif]
[secure.bankofamerica.com/pa/components/modules/modal-content-bdf-module/1.7/graphic/close.gif]
[secure.bankofamerica.com/pa/components/modules/olb-enrollment-module/1.1/graphic/step.png]
[secure.bankofamerica.com/pa/components/modules/olb-enrollment-module/1.1/graphic/first-step.png]
[secure.bankofamerica.com/pa/components/modules/olb-enrollment-module/1.1/graphic/last-step.png]
[secure.bankofamerica.com/pa/components/modules/olb-enrollment-module/1.1/graphic/selected-step.png]
[secure.bankofamerica.com/pa/components/modules/olb-enrollment-module/1.1/graphic/first-selected.png]
[secure.bankofamerica.com/pa/components/modules/olb-enrollment-module/1.1/graphic/last-selected.png]
[secure.bankofamerica.com/pa/components/modules/olb-footer-shared-module/1.0/graphic/gf-olb-sprite.png]
[secure.bankofamerica.com/pa/components/modules/olb-popup-content-module/1.2/graphic/flag-logo-white-on-red.png]
[secure.bankofamerica.com/pa/components/modules/olb-popup-content-module/1.2/graphic/ehl_logo_9003.jpg]
[secure.bankofamerica.com/pa/components/modules/olb-top-nav-module/4.1/graphic/main-nav-sbcc-bg.png]
[secure.bankofamerica.com/pa/components/modules/olb-top-nav-module/4.1/graphic/search-left.png]
[secure.bankofamerica.com/pa/components/modules/online-id-module/2.0/graphic/pos-ack-icon.png]
[secure.bankofamerica.com/pa/components/modules/online-id-module/2.0/graphic/icon_alert_error_small.gif]
[secure.bankofamerica.com/pa/components/modules/online-id-module/2.0/graphic/online-module-edit-remove-skin.gif]
[secure.bankofamerica.com/pa/components/modules/page-title-fsd-module/2.2/graphic/blue-bg-grad.png]
[secure.bankofamerica.com/pa/components/modules/page-title-module/2.2/graphic/blue-gray-grad-bar.png]
[secure.bankofamerica.com/pa/components/modules/passcode-module/2.0/graphic/icon_alert_error_small.gif]
[secure.bankofamerica.com/pa/components/modules/passcode-module/2.0/graphic/dialog_sm_body.png]
[secure.bankofamerica.com/pa/components/modules/popup-content-module/2.1/graphic/ehl_logo_9003.jpg]
[secure.bankofamerica.com/pa/components/modules/popup-content-module/2.1/graphic/flag-logo-white-on-red.png]
[secure.bankofamerica.com/pa/components/modules/quick-help-bd-module/1.3/graphic/legacy-arrows.png]
[secure.bankofamerica.com/pa/components/modules/quick-help-bd-module/1.3/graphic/fsd-arrows.png]
[secure.bankofamerica.com/pa/components/modules/quick-help-module/2.5/graphic/fsd-arrows.png]
[secure.bankofamerica.com/pa/components/modules/quick-help-module/2.5/graphic/legacy-arrows.png]
[secure.bankofamerica.com/pa/components/modules/sitekey-module/1.6/graphic/black-divider.png]
[secure.bankofamerica.com/pa/components/modules/sitekey-module/1.6/graphic/prev-next-sprite.png]
[secure.bankofamerica.com/pa/components/modules/splash-content-with-buttons-module/1.5/graphic/splash-button-arrows.gif]
[secure.bankofamerica.com/pa/components/modules/splash-content-with-buttons-module/1.5/graphic/splash-arrow.png]
[secure.bankofamerica.com/pa/components/modules/status-bar-bdf-module/1.1/graphic/status-bar-flex-sprite.png]
[secure.bankofamerica.com/pa/components/modules/status-bar-bdf-module/1.1/graphic/sb-bg-repeatx-sprite.gif]
[secure.bankofamerica.com/pa/components/modules/status-bar-bdf-module/1.1/graphic/sb-bg-repeatx-sprite-sbcc.gif]
[secure.bankofamerica.com/pa/components/modules/status-bar-bdf-module/1.1/graphic/sb-arrow-static-sprite-sbcc.jpg]
[secure.bankofamerica.com/pa/components/modules/unsupported-browser-module/1.2/graphic/top_cap.png]
[secure.bankofamerica.com/pa/components/modules/unsupported-browser-module/1.2/graphic/bottom_cap.png]
[secure.bankofamerica.com/pa/components/modules/vipaa-footer-module/1.2/graphic/olbfoot-bground.png]
[secure.bankofamerica.com/pa/components/modules/vipaa-footer-module/1.2/graphic/olbfoot-static-sprite.png]
[secure.bankofamerica.com/pa/components/modules/vipaa-header-module/1.3/graphic/greybullet.gif]
[secure.bankofamerica.com/pa/components/modules/vipaa-header-module/1.3/graphic/arrow-down.gif]
[secure.bankofamerica.com/pa/components/modules/vipaa-header-module/1.3/graphic/common-btm.gif]
[secure.bankofamerica.com/pa/components/modules/vipaa-header-module/1.3/graphic/lang-bground.png]
[secure.bankofamerica.com/pa/components/modules/vipaa-modal-content-module/1.3/graphic/close.gif]
[secure.bankofamerica.com/pa/components/modules/vipaa-top-nav-module/1.2/graphic/main-nav-bg.png]
[secure.bankofamerica.com/pa/components/modules/vipaa-top-nav-module/1.2/graphic/search-left.png]
[secure.bankofamerica.com/pa/components/modules-app/VIPAA/banner-vipaa-module/1.0/graphic/banner-bg.png]
[secure.bankofamerica.com/pa/components/modules-app/VIPAA/change-pin-vipaa-module/1.0/graphic/ack-large.gif]
[secure.bankofamerica.com/pa/components/modules-app/VIPAA/change-pin-vipaa-module/1.0/graphic/error-large.gif]
[secure.bankofamerica.com/pa/components/modules-app/VIPAA/footer-vipaa-module/1.0/graphic/olbfoot-bground.png]
[secure.bankofamerica.com/pa/components/modules-app/VIPAA/footer-vipaa-module/1.0/graphic/olbfoot-static-sprite.png]
[secure.bankofamerica.com/pa/components/modules-app/VIPAA/header-vipaa-module/1.0/graphic/fsd-secure-esp-sprite.png]
[secure.bankofamerica.com/pa/components/modules-app/VIPAA/header-vipaa-module/1.0/graphic/greybullet.gif]
[secure.bankofamerica.com/pa/components/modules-app/VIPAA/header-vipaa-module/1.0/graphic/arrow-down.gif]
[secure.bankofamerica.com/pa/components/modules-app/VIPAA/header-vipaa-module/1.0/graphic/common-btm.gif]
[secure.bankofamerica.com/pa/components/modules-app/VIPAA/header-vipaa-module/1.0/graphic/lang-bground.png]
[secure.bankofamerica.com/pa/components/modules-app/VIPAA/messaging-vipaa-module/1.0/graphic/error-large.gif]
[secure.bankofamerica.com/pa/components/modules-app/VIPAA/messaging-vipaa-module/1.0/graphic/imgSprite_icons_alerts.png]
[secure.bankofamerica.com/pa/components/modules-app/VIPAA/messaging-vipaa-module/1.0/graphic/info-large.gif]
[secure.bankofamerica.com/pa/components/modules-app/VIPAA/messaging-vipaa-module/1.0/graphic/ack-large.gif]
[secure.bankofamerica.com/pa/components/modules-app/VIPAA/modal-content-vipaa-module/1.0/graphic/error-large.png]
[secure.bankofamerica.com/pa/components/modules-app/VIPAA/modal-content-vipaa-module/1.0/graphic/info-serv-bullet.gif]
[secure.bankofamerica.com/pa/components/modules-app/VIPAA/page-title-vipaa-module/1.0/graphic/blue-gray-grad-bar.png]
[secure.bankofamerica.com/pa/components/modules-app/VIPAA/quick-help-vipaa-module/1.0/graphic/fsd-arrows.png]
[secure.bankofamerica.com/pa/components/modules-app/VIPAA/safepass-vipaa-module/1.0/graphic/white-to-gray-gradient.png]
[secure.bankofamerica.com/pa/components/modules-app/VIPAA/safepass-vipaa-module/1.0/graphic/sp-checkbox.png]
[secure.bankofamerica.com/pa/components/modules-app/VIPAA/safepass-vipaa-module/1.0/graphic/mobile-steps.png]
[secure.bankofamerica.com/pa/components/modules-app/VIPAA/safepass-vipaa-module/1.0/graphic/gray-square-bullet.png]
[secure.bankofamerica.com/pa/components/modules-app/VIPAA/safepass-vipaa-module/1.0/graphic/sf_card_header.png]
[secure.bankofamerica.com/pa/components/modules-app/VIPAA/safepass-vipaa-module/1.0/graphic/sf_card_footer.png]
[secure.bankofamerica.com/pa/components/modules-app/VIPAA/safepass-vipaa-module/1.0/graphic/msg-icon-sm.png]
[secure.bankofamerica.com/pa/components/modules-app/VIPAA/safepass-vipaa-module/1.0/graphic/employee-st-hd-bg.png]
[secure.bankofamerica.com/pa/components/modules-app/VIPAA/safepass-vipaa-module/1.0/graphic/em-fname-bg.png]
[secure.bankofamerica.com/pa/components/modules-app/VIPAA/safepass-vipaa-module/1.0/graphic/pagination_bg.png]
[secure.bankofamerica.com/pa/components/modules-app/VIPAA/sc-vipaa-module/1.0/graphic/sc-sprite.png]
[secure.bankofamerica.com/pa/components/modules-app/VIPAA/tabstrip-vipaa-module/1.0/graphic/sprite_securityctr_121011.png]
[secure.bankofamerica.com/pa/components/modules-app/VIPAA/sc-vipaa-module/1.0/graphic/Rebranding-SigninHistory-sc-sprite-201904.png]
[secure.bankofamerica.com/pa/components/modules-app/VIPAA/sc-vipaa-module/1.0/graphic/sc-video-sprite.png]
[secure.bankofamerica.com/pa/components/modules-app/VIPAA/side-well-vipaa-module/1.0/graphic/bofaGrayTxt-block.png]
[secure.bankofamerica.com/pa/components/modules-app/VIPAA/side-well-vipaa-module/1.0/graphic/module-white-dot.png]
[secure.bankofamerica.com/pa/components/modules-app/VIPAA/side-well-vipaa-module/1.0/graphic/module-blue-dot.png]
[secure.bankofamerica.com/pa/components/modules-app/VIPAA/side-well-vipaa-module/1.0/graphic/arrowLeft_enabled.jpg]
[secure.bankofamerica.com/pa/components/modules-app/VIPAA/side-well-vipaa-module/1.0/graphic/arrowRight_enabled.jpg]
[secure.bankofamerica.com/pa/components/modules-app/VIPAA/side-well-vipaa-module/1.0/graphic/tip-bullet.gif]
[secure.bankofamerica.com/pa/components/modules-app/VIPAA/sk-vipaa-module/1.0/graphic/error-icon-small.gif]
[secure.bankofamerica.com/pa/components/modules-app/VIPAA/sk-vipaa-module/1.0/graphic/icon-alert-error-large.png]
[secure.bankofamerica.com/pa/components/modules-app/VIPAA/sk-vipaa-module/1.0/graphic/security_key_icon_2x.png]
[secure.bankofamerica.com/pa/components/modules-app/VIPAA/sub-user-vipaa-module/1.0/graphic/help-qmark.png]
[secure.bankofamerica.com/pa/components/modules-app/VIPAA/sub-user-vipaa-module/1.0/graphic/ON-toggleSwitch.png]
[secure.bankofamerica.com/pa/components/modules-app/VIPAA/sub-user-vipaa-module/1.0/graphic/OFF-toggleSwitch.png]
[secure.bankofamerica.com/pa/components/modules-app/VIPAA/sub-user-vipaa-module/1.0/graphic/checkbox-without-enabled.png]
[secure.bankofamerica.com/pa/components/modules-app/VIPAA/sub-user-vipaa-module/1.0/graphic/checkbox-enabled.png]
[secure.bankofamerica.com/pa/components/modules-app/VIPAA/sub-user-vipaa-module/1.0/graphic/pass_val_arrow_left.gif]
[secure.bankofamerica.com/pa/components/modules-app/VIPAA/sub-user-vipaa-module/1.0/graphic/Safepass-icon-Active.png]
[secure.bankofamerica.com/pa/components/modules-app/VIPAA/sub-user-vipaa-module/1.0/graphic/Safepass-icon-notRequired.png]
[secure.bankofamerica.com/pa/components/modules-app/VIPAA/sub-user-vipaa-module/1.0/graphic/trans-types-sprite.png]
[secure.bankofamerica.com/pa/components/modules-app/VIPAA/sub-user-vipaa-module/1.0/graphic/gen-lock-unlock.png]
[secure.bankofamerica.com/pa/components/modules-app/VIPAA/sub-user-vipaa-module/1.0/graphic/selected-35.png]
[secure.bankofamerica.com/pa/components/modules-app/VIPAA/sub-user-vipaa-module/1.0/graphic/selected-52.png]
[secure.bankofamerica.com/pa/components/modules-app/VIPAA/tabstrip-vipaa-module/1.0/graphic/logo-header.png]
[secure.bankofamerica.com/pa/components/modules-app/VIPAA/eftx-vipaa-module/1.0/graphic/error-large.gif]
[secure.bankofamerica.com/pa/components/modules/modal-mobile-module/1.1/graphic/infoLoading_46x46.gif]
[secure.bankofamerica.com/pa/components/modules-app/APS-mobile-products/sprite-aps-mp-module/1.0/graphics/aps-mobile-products-icon-sprite-dev.png]
[secure.bankofamerica.com/pa/components/bundles/gzip-compressed/xengine/VIPAA/9.8/style/vipaa-v4-jawr.css]
[secure.bankofamerica.com/pa/components/bundles/gzip-compressed/xengine/VIPAA/9.8/style/vipaa-v4-jawr-print.css]
[secure.bankofamerica.com/pa/components/utilities/safepass-widget-html-util/1.8/graphic/progress-bar.png]
[secure.bankofamerica.com/pa/components/bundles/gzip-compressed/xengine/VIPAA/9.8/script/vipaa-v4-jawr.js]
[secure.bankofamerica.com/pa/global-assets/1.0/script/libraries/jquery-migrate-custom.js]
[secure.bankofamerica.com/pa/components/modules-app/VIPAA/online-id-vipaa-module/1.0/script/online-id-vipaa-module-enter-skin.js]
[secure.bankofamerica.com/login/sign-in/{storeLink}.html]
[secure.bankofamerica.com/pa/components/bundles/text-decompressed/xengine/VIPAA/9.8/script/cm-jawr.js]
[secure.bankofamerica.com/login/sign-in/otBannerSdk.html]
[secure.bankofamerica.com/login/sign-in/^file_/index.html]
[secure.bankofamerica.com/login/sign-in/GET.html]
[secure.bankofamerica.com/pa/global-assets/1.0/graphic/buttons/arrow-37.html]
[secure.bankofamerica.com/pa/components/layouts/two-column-wide-left-layout/1.7/graphic/blue-gradient.html]
[secure.bankofamerica.com/pa/components/modules/popup-content-module/2.1/graphic/back-to-top.html]
[secure.bankofamerica.com/pa/components/modules/splash-main-content-module/1.2/graphic/info-loading.html]
[secure.bankofamerica.com/pa/components/modules-app/VIPAA/messaging-vipaa-module/1.0/graphic/info-close.html]
[secure.bankofamerica.com/pa/components/modules-app/VIPAA/modal-content-vipaa-module/1.0/graphic/close.html]
[secure.bankofamerica.com/pa/ecomm-common-ui-global-assets/global-assets/1.0/graphic/bp-3c-safe-pass-side-left.html]
[secure.bankofamerica.com/pa/components/modules-app/VIPAA/safepass-vipaa-module/1.0/graphic/fsd-arrows.html]
[secure.bankofamerica.com/login/sign-in/Unable to load target-vec.html]
[secure.bankofamerica.com/login/sign-in/Loading target-vec.html]
[secure.bankofamerica.com/login/sign-in/hover7020.html]
[secure.bankofamerica.com/login/sign-in/aero.bankofamerica.com/30306/4aQ2a3b.html]
[secure.bankofamerica.com/login/sign-in/ABCDEFGHIJKLMNOPQRSTUVWXYZabcdefghijklmnopqrstuvwxyz0123456789+/index.html]
[secure.bankofamerica.com/login/sign-in/first.html]
[secure.bankofamerica.com/client/helper/spa-assets/components/utilities/client-helper/script-manager-login/2.0.0/js/script-manager-login.js]
